[debug] [2018-10-19T05:46:00.166Z] ----------------------------------------------------------------------
[debug] [2018-10-19T05:46:00.169Z] Command:       /usr/local/bin/node /usr/local/bin/firebase serve
[debug] [2018-10-19T05:46:00.169Z] CLI Version:   3.17.4
[debug] [2018-10-19T05:46:00.169Z] Platform:      darwin
[debug] [2018-10-19T05:46:00.170Z] Node Version:  v8.9.4
[debug] [2018-10-19T05:46:00.170Z] Time:          Thu Oct 18 2018 23:46:00 GMT-0600 (MDT)
[debug] [2018-10-19T05:46:00.170Z] ----------------------------------------------------------------------
[debug] 
[debug] [2018-10-19T05:46:00.183Z] > command requires scopes: ["email","openid","https://www.googleapis.com/auth/cloudplatformprojects.readonly","https://www.googleapis.com/auth/firebase","https://www.googleapis.com/auth/cloud-platform"]
[debug] [2018-10-19T05:46:00.184Z] > authorizing via signed-in user
[debug] [2018-10-19T05:46:00.186Z] >>> HTTP REQUEST GET https://admin.firebase.com/v1/projects/libby-s-book-co-op  
  
 Thu Oct 18 2018 23:46:00 GMT-0600 (MDT)
[debug] [2018-10-19T05:46:02.322Z] <<< HTTP RESPONSE 200
[debug] [2018-10-19T05:46:02.324Z] >>> HTTP REQUEST GET https://admin.firebase.com/v1/database/libby-s-book-co-op/tokens  
  
 Thu Oct 18 2018 23:46:02 GMT-0600 (MDT)
[debug] [2018-10-19T05:46:03.952Z] <<< HTTP RESPONSE 200
[info] 
[info] === Serving from '/Users/pat/Projects/Libby's Book Co-op/libbys-book-co-op'...
[info] 
[debug] [2018-10-19T05:46:03.956Z] >>> HTTP REQUEST GET https://cloudresourcemanager.googleapis.com/v1/projects/libby-s-book-co-op  
  
 Thu Oct 18 2018 23:46:03 GMT-0600 (MDT)
[debug] [2018-10-19T05:46:06.967Z] <<< HTTP RESPONSE 200
[debug] [2018-10-19T05:46:06.968Z] >>> HTTP REQUEST GET https://mobilesdk-pa.googleapis.com/v1/projects/373578804492/clients/_:getWebAppConfig  
  
 Thu Oct 18 2018 23:46:06 GMT-0600 (MDT)
[debug] [2018-10-19T05:46:09.864Z] <<< HTTP RESPONSE 200
[info] i  hosting: Serving hosting files from: dist
[info] ✔  hosting: Local server: http://localhost:5000

